Determining if the pthread_create exist failed with the following output:
Change Dir: /home/user21/zp/utility/pytorch/Relation-Shape-CNN-master/build/CMakeFiles/CMakeTmp

Run Build Command:"/usr/bin/make" "cmTC_2f957/fast"
/usr/bin/make -f CMakeFiles/cmTC_2f957.dir/build.make CMakeFiles/cmTC_2f957.dir/build
make[1]: 进入目录“/home/user21/zp/utility/pytorch/Relation-Shape-CNN-master/build/CMakeFiles/CMakeTmp”
Building C object CMakeFiles/cmTC_2f957.dir/CheckSymbolExists.c.o
/usr/bin/cc   -fPIC    -o CMakeFiles/cmTC_2f957.dir/CheckSymbolExists.c.o   -c /home/user21/zp/utility/pytorch/Relation-Shape-CNN-master/build/CMakeFiles/CMakeTmp/CheckSymbolExists.c
Linking C executable cmTC_2f957
/usr/bin/cmake -E cmake_link_script CMakeFiles/cmTC_2f957.dir/link.txt --verbose=1
/usr/bin/cc -fPIC     -rdynamic CMakeFiles/cmTC_2f957.dir/CheckSymbolExists.c.o  -o cmTC_2f957 
CMakeFiles/cmTC_2f957.dir/CheckSymbolExists.c.o：在函数‘main’中：
CheckSymbolExists.c:(.text+0x1b)：对‘pthread_create’未定义的引用
collect2: error: ld returned 1 exit status
CMakeFiles/cmTC_2f957.dir/build.make:97: recipe for target 'cmTC_2f957' failed
make[1]: *** [cmTC_2f957] Error 1
make[1]: 离开目录“/home/user21/zp/utility/pytorch/Relation-Shape-CNN-master/build/CMakeFiles/CMakeTmp”
Makefile:126: recipe for target 'cmTC_2f957/fast' failed
make: *** [cmTC_2f957/fast] Error 2

File /home/user21/zp/utility/pytorch/Relation-Shape-CNN-master/build/CMakeFiles/CMakeTmp/CheckSymbolExists.c:
/* */
#include <pthread.h>

int main(int argc, char** argv)
{
  (void)argv;
#ifndef pthread_create
  return ((int*)(&pthread_create))[argc];
#else
  (void)argc;
  return 0;
#endif
}

Determining if the function pthread_create exists in the pthreads failed with the following output:
Change Dir: /home/user21/zp/utility/pytorch/Relation-Shape-CNN-master/build/CMakeFiles/CMakeTmp

Run Build Command:"/usr/bin/make" "cmTC_b0620/fast"
/usr/bin/make -f CMakeFiles/cmTC_b0620.dir/build.make CMakeFiles/cmTC_b0620.dir/build
make[1]: 进入目录“/home/user21/zp/utility/pytorch/Relation-Shape-CNN-master/build/CMakeFiles/CMakeTmp”
Building C object CMakeFiles/cmTC_b0620.dir/CheckFunctionExists.c.o
/usr/bin/cc   -fPIC -DCHECK_FUNCTION_EXISTS=pthread_create   -o CMakeFiles/cmTC_b0620.dir/CheckFunctionExists.c.o   -c /usr/share/cmake-3.10/Modules/CheckFunctionExists.c
Linking C executable cmTC_b0620
/usr/bin/cmake -E cmake_link_script CMakeFiles/cmTC_b0620.dir/link.txt --verbose=1
/usr/bin/cc -fPIC -DCHECK_FUNCTION_EXISTS=pthread_create    -rdynamic CMakeFiles/cmTC_b0620.dir/CheckFunctionExists.c.o  -o cmTC_b0620 -lpthreads 
/usr/bin/ld: 找不到 -lpthreads
collect2: error: ld returned 1 exit status
CMakeFiles/cmTC_b0620.dir/build.make:97: recipe for target 'cmTC_b0620' failed
make[1]: *** [cmTC_b0620] Error 1
make[1]: 离开目录“/home/user21/zp/utility/pytorch/Relation-Shape-CNN-master/build/CMakeFiles/CMakeTmp”
Makefile:126: recipe for target 'cmTC_b0620/fast' failed
make: *** [cmTC_b0620/fast] Error 2


